Disable distributed.
Path already exists. Rename it to /home/luluboy/projects/vrdl_final/code/NAFNet/experiments/NAFNet-SIDD-finetune-width64_archived_20260520_062409
2026-05-20 06:24:09,574 INFO: 
                ____                _       _____  ____
               / __ ) ____ _ _____ (_)_____/ ___/ / __ \
              / __  |/ __ `// ___// // ___/\__ \ / /_/ /
             / /_/ // /_/ /(__  )/ // /__ ___/ // _, _/
            /_____/ \__,_//____//_/ \___//____//_/ |_|
     ______                   __   __                 __      __
    / ____/____   ____   ____/ /  / /   __  __ _____ / /__   / /
   / / __ / __ \ / __ \ / __  /  / /   / / / // ___// //_/  / /
  / /_/ // /_/ // /_/ // /_/ /  / /___/ /_/ // /__ / /<    /_/
  \____/ \____/ \____/ \____/  /_____/\____/ \___//_/|_|  (_)
    
Version Information: 
	BasicSR: 1.2.0+386ca20
	PyTorch: 2.12.0+cu130
	TorchVision: 0.27.0+cu130
2026-05-20 06:24:09,574 INFO: 
  name: NAFNet-SIDD-finetune-width64
  model_type: ImageRestorationModel
  scale: 1
  num_gpu: 1
  manual_seed: 10
  datasets:[
    train:[
      name: SIDD-Finetune-Train
      type: PairedImageDataset
      dataroot_gt: ./datasets/SIDD/train/gt
      dataroot_lq: ./datasets/SIDD/train/lq
      filename_tmpl: {}
      io_backend:[
        type: disk
      ]
      gt_size: 256
      use_flip: True
      use_rot: True
      use_shuffle: True
      num_worker_per_gpu: 4
      batch_size_per_gpu: 4
      dataset_enlarge_ratio: 10
      prefetch_mode: None
      mean: [0, 0, 0]
      std: [1, 1, 1]
      phase: train
      scale: 1
    ]
    val:[
      name: SIDD-Finetune-Val
      type: PairedImageDataset
      dataroot_gt: ./datasets/SIDD/val/gt
      dataroot_lq: ./datasets/SIDD/val/lq
      filename_tmpl: {}
      io_backend:[
        type: disk
      ]
      phase: val
      scale: 1
    ]
  ]
  network_g:[
    type: NAFNet
    width: 64
    enc_blk_nums: [2, 2, 4, 8]
    middle_blk_num: 12
    dec_blk_nums: [2, 2, 2, 2]
  ]
  path:[
    pretrain_network_g: ./experiments/pretrained_models/NAFNet-SIDD-width64.pth
    strict_load_g: True
    resume_state: None
    root: /home/luluboy/projects/vrdl_final/code/NAFNet
    experiments_root: /home/luluboy/projects/vrdl_final/code/NAFNet/experiments/NAFNet-SIDD-finetune-width64
    models: /home/luluboy/projects/vrdl_final/code/NAFNet/experiments/NAFNet-SIDD-finetune-width64/models
    training_states: /home/luluboy/projects/vrdl_final/code/NAFNet/experiments/NAFNet-SIDD-finetune-width64/training_states
    log: /home/luluboy/projects/vrdl_final/code/NAFNet/experiments/NAFNet-SIDD-finetune-width64
    visualization: /home/luluboy/projects/vrdl_final/code/NAFNet/experiments/NAFNet-SIDD-finetune-width64/visualization
  ]
  train:[
    optim_g:[
      type: AdamW
      lr: 5e-05
      weight_decay: 0.0
      betas: [0.9, 0.999]
    ]
    scheduler:[
      type: TrueCosineAnnealingLR
      T_max: 20000
      eta_min: 1e-06
    ]
    total_iter: 20000
    warmup_iter: 500
    pixel_opt:[
      type: PSNRLoss
      loss_weight: 1.0
      reduction: mean
    ]
    use_amp: True
  ]
  val:[
    val_freq: 1000.0
    save_img: False
    use_image: False
    metrics:[
      psnr:[
        type: calculate_psnr
        crop_border: 0
        test_y_channel: False
      ]
      ssim:[
        type: calculate_ssim
        crop_border: 0
        test_y_channel: False
      ]
    ]
  ]
  logger:[
    print_freq: 100
    save_checkpoint_freq: 5000.0
    use_tb_logger: False
    wandb:[
      project: None
      resume_id: None
    ]
  ]
  dist_params:[
    backend: nccl
    port: 29500
  ]
  evaluation:[
    freq: 1000
    save_path: ./results/finetune_val
  ]
  is_train: True
  dist: False
  rank: 0
  world_size: 1

2026-05-20 06:24:09,578 INFO: Dataset PairedImageDataset - SIDD-Finetune-Train is created.
2026-05-20 06:24:09,578 INFO: Training statistics:
	Number of train images: 288
	Dataset enlarge ratio: 10
	Batch size per gpu: 4
	World size (gpu number): 1
	Require iter number per epoch: 720
	Total epochs: 28; iters: 20000.
2026-05-20 06:24:09,579 INFO: Dataset PairedImageDataset - SIDD-Finetune-Val is created.
2026-05-20 06:24:09,579 INFO: Number of val images/folders in SIDD-Finetune-Val: 32
2026-05-20 06:24:10,359 INFO: Loading NAFNet model from ./experiments/pretrained_models/NAFNet-SIDD-width64.pth.
2026-05-20 06:24:10,746 INFO: Model [ImageRestorationModel] is created.
 load net keys <built-in method keys of collections.OrderedDict object at 0x793616c32fc0>
.. cosineannealingLR
2026-05-20 06:24:10,795 INFO: Start training from epoch: 0, iter: 0
Traceback (most recent call last):
  File "<frozen runpy>", line 198, in _run_module_as_main
  File "<frozen runpy>", line 88, in _run_code
  File "/home/luluboy/projects/vrdl_final/code/NAFNet/basicsr/train.py", line 305, in <module>
    main()
    ~~~~^^
  File "/home/luluboy/projects/vrdl_final/code/NAFNet/basicsr/train.py", line 245, in main
    result_code = model.optimize_parameters(current_iter, tb_logger)
  File "/home/luluboy/projects/vrdl_final/code/NAFNet/basicsr/models/image_restoration_model.py", line 195, in optimize_parameters
    preds = self.net_g(self.lq)
  File "/home/luluboy/miniconda3/lib/python3.13/site-packages/torch/nn/modules/module.py", line 1778, in _wrapped_call_impl
    return self._call_impl(*args, **kwargs)
           ~~~~~~~~~~~~~~~^^^^^^^^^^^^^^^^^
  File "/home/luluboy/miniconda3/lib/python3.13/site-packages/torch/nn/modules/module.py", line 1789, in _call_impl
    return forward_call(*args, **kwargs)
  File "/home/luluboy/projects/vrdl_final/code/NAFNet/basicsr/models/archs/NAFNet_arch.py", line 150, in forward
    x = decoder(x)
  File "/home/luluboy/miniconda3/lib/python3.13/site-packages/torch/nn/modules/module.py", line 1778, in _wrapped_call_impl
    return self._call_impl(*args, **kwargs)
           ~~~~~~~~~~~~~~~^^^^^^^^^^^^^^^^^
  File "/home/luluboy/miniconda3/lib/python3.13/site-packages/torch/nn/modules/module.py", line 1789, in _call_impl
    return forward_call(*args, **kwargs)
  File "/home/luluboy/miniconda3/lib/python3.13/site-packages/torch/nn/modules/container.py", line 253, in forward
    input = module(input)
  File "/home/luluboy/miniconda3/lib/python3.13/site-packages/torch/nn/modules/module.py", line 1778, in _wrapped_call_impl
    return self._call_impl(*args, **kwargs)
           ~~~~~~~~~~~~~~~^^^^^^^^^^^^^^^^^
  File "/home/luluboy/miniconda3/lib/python3.13/site-packages/torch/nn/modules/module.py", line 1789, in _call_impl
    return forward_call(*args, **kwargs)
  File "/home/luluboy/projects/vrdl_final/code/NAFNet/basicsr/models/archs/NAFNet_arch.py", line 72, in forward
    y = inp + x * self.beta
        ~~~~^~~~~~~~~~~~~~~
torch.OutOfMemoryError: CUDA out of memory. Tried to allocate 64.00 MiB. GPU 0 has a total capacity of 11.62 GiB of which 41.44 MiB is free. Process 2874943 has 250.00 MiB memory in use. Process 2875253 has 11.60 MiB memory in use. Including non-PyTorch memory, this process has 10.63 GiB memory in use. Of the allocated memory 10.22 GiB is allocated by PyTorch, and 119.89 MiB is reserved by PyTorch but unallocated. If reserved but unallocated memory is large try setting PYTORCH_CUDA_ALLOC_CONF=expandable_segments:True to avoid fragmentation.  See documentation for Memory Management  (https://docs.pytorch.org/docs/stable/notes/cuda.html#optimizing-memory-usage-with-pytorch-cuda-alloc-conf)
Disable distributed.
Path already exists. Rename it to /home/luluboy/projects/vrdl_final/code/NAFNet/experiments/NAFNet-SIDD-finetune-width64_archived_20260520_062532
2026-05-20 06:25:32,855 INFO: 
                ____                _       _____  ____
               / __ ) ____ _ _____ (_)_____/ ___/ / __ \
              / __  |/ __ `// ___// // ___/\__ \ / /_/ /
             / /_/ // /_/ /(__  )/ // /__ ___/ // _, _/
            /_____/ \__,_//____//_/ \___//____//_/ |_|
     ______                   __   __                 __      __
    / ____/____   ____   ____/ /  / /   __  __ _____ / /__   / /
   / / __ / __ \ / __ \ / __  /  / /   / / / // ___// //_/  / /
  / /_/ // /_/ // /_/ // /_/ /  / /___/ /_/ // /__ / /<    /_/
  \____/ \____/ \____/ \____/  /_____/\____/ \___//_/|_|  (_)
    
Version Information: 
	BasicSR: 1.2.0+386ca20
	PyTorch: 2.12.0+cu130
	TorchVision: 0.27.0+cu130
2026-05-20 06:25:32,855 INFO: 
  name: NAFNet-SIDD-finetune-width64
  model_type: ImageRestorationModel
  scale: 1
  num_gpu: 1
  manual_seed: 10
  datasets:[
    train:[
      name: SIDD-Finetune-Train
      type: PairedImageDataset
      dataroot_gt: ./datasets/SIDD/train/gt
      dataroot_lq: ./datasets/SIDD/train/lq
      filename_tmpl: {}
      io_backend:[
        type: disk
      ]
      gt_size: 256
      use_flip: True
      use_rot: True
      use_shuffle: True
      num_worker_per_gpu: 4
      batch_size_per_gpu: 2
      dataset_enlarge_ratio: 10
      prefetch_mode: None
      mean: [0, 0, 0]
      std: [1, 1, 1]
      phase: train
      scale: 1
    ]
    val:[
      name: SIDD-Finetune-Val
      type: PairedImageDataset
      dataroot_gt: ./datasets/SIDD/val/gt
      dataroot_lq: ./datasets/SIDD/val/lq
      filename_tmpl: {}
      io_backend:[
        type: disk
      ]
      phase: val
      scale: 1
    ]
  ]
  network_g:[
    type: NAFNet
    width: 64
    enc_blk_nums: [2, 2, 4, 8]
    middle_blk_num: 12
    dec_blk_nums: [2, 2, 2, 2]
  ]
  path:[
    pretrain_network_g: ./experiments/pretrained_models/NAFNet-SIDD-width64.pth
    strict_load_g: True
    resume_state: None
    root: /home/luluboy/projects/vrdl_final/code/NAFNet
    experiments_root: /home/luluboy/projects/vrdl_final/code/NAFNet/experiments/NAFNet-SIDD-finetune-width64
    models: /home/luluboy/projects/vrdl_final/code/NAFNet/experiments/NAFNet-SIDD-finetune-width64/models
    training_states: /home/luluboy/projects/vrdl_final/code/NAFNet/experiments/NAFNet-SIDD-finetune-width64/training_states
    log: /home/luluboy/projects/vrdl_final/code/NAFNet/experiments/NAFNet-SIDD-finetune-width64
    visualization: /home/luluboy/projects/vrdl_final/code/NAFNet/experiments/NAFNet-SIDD-finetune-width64/visualization
  ]
  train:[
    optim_g:[
      type: AdamW
      lr: 5e-05
      weight_decay: 0.0
      betas: [0.9, 0.999]
    ]
    scheduler:[
      type: TrueCosineAnnealingLR
      T_max: 20000
      eta_min: 1e-06
    ]
    total_iter: 20000
    warmup_iter: 500
    pixel_opt:[
      type: PSNRLoss
      loss_weight: 1.0
      reduction: mean
    ]
    use_amp: True
  ]
  val:[
    val_freq: 1000.0
    save_img: False
    use_image: False
    metrics:[
      psnr:[
        type: calculate_psnr
        crop_border: 0
        test_y_channel: False
      ]
      ssim:[
        type: calculate_ssim
        crop_border: 0
        test_y_channel: False
      ]
    ]
  ]
  logger:[
    print_freq: 100
    save_checkpoint_freq: 5000.0
    use_tb_logger: False
    wandb:[
      project: None
      resume_id: None
    ]
  ]
  dist_params:[
    backend: nccl
    port: 29500
  ]
  evaluation:[
    freq: 1000
    save_path: ./results/finetune_val
  ]
  is_train: True
  dist: False
  rank: 0
  world_size: 1

2026-05-20 06:25:32,859 INFO: Dataset PairedImageDataset - SIDD-Finetune-Train is created.
2026-05-20 06:25:32,859 INFO: Training statistics:
	Number of train images: 288
	Dataset enlarge ratio: 10
	Batch size per gpu: 2
	World size (gpu number): 1
	Require iter number per epoch: 1440
	Total epochs: 14; iters: 20000.
2026-05-20 06:25:32,860 INFO: Dataset PairedImageDataset - SIDD-Finetune-Val is created.
2026-05-20 06:25:32,860 INFO: Number of val images/folders in SIDD-Finetune-Val: 32
2026-05-20 06:25:33,639 INFO: Loading NAFNet model from ./experiments/pretrained_models/NAFNet-SIDD-width64.pth.
2026-05-20 06:25:33,995 INFO: Model [ImageRestorationModel] is created.
 load net keys <built-in method keys of collections.OrderedDict object at 0x799de583eec0>
.. cosineannealingLR
2026-05-20 06:25:34,042 INFO: Start training from epoch: 0, iter: 0
2026-05-20 06:26:10,593 INFO: [NAFNe..][epoch:  0, iter:     100, lr:(1.000e-05,)] [eta: 2:00:10, time (data): 0.151 (0.000)] l_pix: -4.4983e+01 
2026-05-20 06:26:41,502 INFO: [NAFNe..][epoch:  0, iter:     200, lr:(2.000e-05,)] [eta: 1:50:49, time (data): 0.153 (0.001)] l_pix: -3.7785e+01 
2026-05-20 06:27:12,187 INFO: [NAFNe..][epoch:  0, iter:     300, lr:(3.000e-05,)] [eta: 1:47:06, time (data): 0.155 (0.001)] l_pix: -4.2950e+01 
2026-05-20 06:27:42,942 INFO: [NAFNe..][epoch:  0, iter:     400, lr:(4.000e-05,)] [eta: 1:45:02, time (data): 0.160 (0.001)] l_pix: -3.7104e+01 
2026-05-20 06:28:13,273 INFO: [NAFNe..][epoch:  0, iter:     500, lr:(4.990e-05,)] [eta: 1:43:19, time (data): 0.150 (0.001)] l_pix: -4.3424e+01 
2026-05-20 06:28:44,174 INFO: [NAFNe..][epoch:  0, iter:     600, lr:(4.987e-05,)] [eta: 1:42:18, time (data): 0.578 (0.425)] l_pix: -3.6588e+01 
2026-05-20 06:29:14,708 INFO: [NAFNe..][epoch:  0, iter:     700, lr:(4.983e-05,)] [eta: 1:41:16, time (data): 0.157 (0.001)] l_pix: -3.9528e+01 
2026-05-20 06:29:43,976 INFO: [NAFNe..][epoch:  0, iter:     800, lr:(4.978e-05,)] [eta: 1:39:51, time (data): 0.151 (0.000)] l_pix: -4.3800e+01 
2026-05-20 06:30:13,729 INFO: [NAFNe..][epoch:  0, iter:     900, lr:(4.973e-05,)] [eta: 1:38:49, time (data): 0.152 (0.000)] l_pix: -4.5086e+01 
2026-05-20 06:30:43,093 INFO: [NAFNe..][epoch:  0, iter:   1,000, lr:(4.967e-05,)] [eta: 1:37:46, time (data): 0.159 (0.002)] l_pix: -4.1605e+01 
2026-05-20 06:30:43,094 WARNING: nondist_validation is not implemented. Run dist_validation.
  0%|          | 0/32 [00:00<?, ?image/s]Traceback (most recent call last):
  File "<frozen runpy>", line 198, in _run_module_as_main
  File "<frozen runpy>", line 88, in _run_code
  File "/home/luluboy/projects/vrdl_final/code/NAFNet/basicsr/train.py", line 305, in <module>
    main()
    ~~~~^^
  File "/home/luluboy/projects/vrdl_final/code/NAFNet/basicsr/train.py", line 270, in main
    model.validation(val_loader, current_iter, tb_logger,
    ~~~~~~~~~~~~~~~~^^^^^^^^^^^^^^^^^^^^^^^^^^^^^^^^^^^^^
                     opt['val']['save_img'], rgb2bgr, use_image )
                     ^^^^^^^^^^^^^^^^^^^^^^^^^^^^^^^^^^^^^^^^^^^^
  File "/home/luluboy/projects/vrdl_final/code/NAFNet/basicsr/models/base_model.py", line 57, in validation
    return self.nondist_validation(dataloader, current_iter, tb_logger,
           ~~~~~~~~~~~~~~~~~~~~~~~^^^^^^^^^^^^^^^^^^^^^^^^^^^^^^^^^^^^^
                            save_img, rgb2bgr, use_image)
                            ^^^^^^^^^^^^^^^^^^^^^^^^^^^^^
  File "/home/luluboy/projects/vrdl_final/code/NAFNet/basicsr/models/image_restoration_model.py", line 385, in nondist_validation
    self.dist_validation(*args, **kwargs)
    ~~~~~~~~~~~~~~~~~~~~^^^^^^^^^^^^^^^^^
  File "/home/luluboy/projects/vrdl_final/code/NAFNet/basicsr/models/image_restoration_model.py", line 281, in dist_validation
    self.test()
    ~~~~~~~~~^^
  File "/home/luluboy/projects/vrdl_final/code/NAFNet/basicsr/models/image_restoration_model.py", line 247, in test
    pred = self.net_g(self.lq[i:j])
  File "/home/luluboy/miniconda3/lib/python3.13/site-packages/torch/nn/modules/module.py", line 1778, in _wrapped_call_impl
    return self._call_impl(*args, **kwargs)
           ~~~~~~~~~~~~~~~^^^^^^^^^^^^^^^^^
  File "/home/luluboy/miniconda3/lib/python3.13/site-packages/torch/nn/modules/module.py", line 1789, in _call_impl
    return forward_call(*args, **kwargs)
  File "/home/luluboy/projects/vrdl_final/code/NAFNet/basicsr/models/archs/NAFNet_arch.py", line 141, in forward
    x = encoder(x)
  File "/home/luluboy/miniconda3/lib/python3.13/site-packages/torch/nn/modules/module.py", line 1778, in _wrapped_call_impl
    return self._call_impl(*args, **kwargs)
           ~~~~~~~~~~~~~~~^^^^^^^^^^^^^^^^^
  File "/home/luluboy/miniconda3/lib/python3.13/site-packages/torch/nn/modules/module.py", line 1789, in _call_impl
    return forward_call(*args, **kwargs)
  File "/home/luluboy/miniconda3/lib/python3.13/site-packages/torch/nn/modules/container.py", line 253, in forward
    input = module(input)
  File "/home/luluboy/miniconda3/lib/python3.13/site-packages/torch/nn/modules/module.py", line 1778, in _wrapped_call_impl
    return self._call_impl(*args, **kwargs)
           ~~~~~~~~~~~~~~~^^^^^^^^^^^^^^^^^
  File "/home/luluboy/miniconda3/lib/python3.13/site-packages/torch/nn/modules/module.py", line 1789, in _call_impl
    return forward_call(*args, **kwargs)
  File "/home/luluboy/projects/vrdl_final/code/NAFNet/basicsr/models/archs/NAFNet_arch.py", line 62, in forward
    x = self.norm1(x)
  File "/home/luluboy/miniconda3/lib/python3.13/site-packages/torch/nn/modules/module.py", line 1778, in _wrapped_call_impl
    return self._call_impl(*args, **kwargs)
           ~~~~~~~~~~~~~~~^^^^^^^^^^^^^^^^^
  File "/home/luluboy/miniconda3/lib/python3.13/site-packages/torch/nn/modules/module.py", line 1789, in _call_impl
    return forward_call(*args, **kwargs)
  File "/home/luluboy/projects/vrdl_final/code/NAFNet/basicsr/models/archs/arch_util.py", line 300, in forward
    return LayerNormFunction.apply(x, self.weight, self.bias, self.eps)
           ~~~~~~~~~~~~~~~~~~~~~~~^^^^^^^^^^^^^^^^^^^^^^^^^^^^^^^^^^^^^
  File "/home/luluboy/miniconda3/lib/python3.13/site-packages/torch/autograd/function.py", line 596, in apply
    return super().apply(*args, **kwargs)  # type: ignore[misc]
           ~~~~~~~~~~~~~^^^^^^^^^^^^^^^^^
  File "/home/luluboy/projects/vrdl_final/code/NAFNet/basicsr/models/archs/arch_util.py", line 271, in forward
    var = (x - mu).pow(2).mean(1, keepdim=True)
          ~~~~~~~~~~~~^^^
torch.OutOfMemoryError: CUDA out of memory. Tried to allocate 3.13 GiB. GPU 0 has a total capacity of 11.62 GiB of which 1.71 GiB is free. Process 2874943 has 250.00 MiB memory in use. Process 2875253 has 11.60 MiB memory in use. Including non-PyTorch memory, this process has 8.96 GiB memory in use. Of the allocated memory 8.48 GiB is allocated by PyTorch, and 187.25 MiB is reserved by PyTorch but unallocated. If reserved but unallocated memory is large try setting PYTORCH_CUDA_ALLOC_CONF=expandable_segments:True to avoid fragmentation.  See documentation for Memory Management  (https://docs.pytorch.org/docs/stable/notes/cuda.html#optimizing-memory-usage-with-pytorch-cuda-alloc-conf)
  0%|          | 0/32 [00:01<?, ?image/s]
