bash: line 1: /home/luluboy/miniconda3/envs/basicsr/bin/python: No such file or directory
EXIT:0
🚀 使用設備: cuda
📂 讀取 /home/luluboy/projects/vrdl_final/data/BenchmarkNoisyBlocksSrgb.mat ...
   .mat keys: ['BenchmarkNoisyBlocksSrgb']
   shape: (40, 32, 256, 256, 3), dtype: uint8
   共 40×32=1280 blocks
📦 載入權重: /home/luluboy/projects/vrdl_final/weights/RealDenoising_Restormer.pth
/home/luluboy/projects/vrdl_final/code/infer_restormer_tta_v2.py:92: FutureWarning: You are using `torch.load` with `weights_only=False` (the current default value), which uses the default pickle module implicitly. It is possible to construct malicious pickle data which will execute arbitrary code during unpickling (See https://github.com/pytorch/pytorch/blob/main/SECURITY.md#untrusted-models for more details). In a future release, the default value for `weights_only` will be flipped to `True`. This limits the functions that could be executed during unpickling. Arbitrary objects will no longer be allowed to be loaded via this mode unless they are explicitly allowlisted by the user via `torch.serialization.add_safe_globals`. We recommend you start setting `weights_only=True` for any use case where you don't have full control of the loaded file. Please open an issue on GitHub for any issues related to this experimental feature.
  ckpt = torch.load(WEIGHT_FILE, map_location='cpu')
✅ Restormer 權重載入成功（strict=True）
🔄 開始 Restormer + TTA 推論...
   [100/1280] 完成. Peak: 0.709GB
   [200/1280] 完成. Peak: 0.709GB
   [300/1280] 完成. Peak: 0.709GB
   [400/1280] 完成. Peak: 0.709GB
   [500/1280] 完成. Peak: 0.709GB
   [600/1280] 完成. Peak: 0.709GB
   [700/1280] 完成. Peak: 0.709GB
   [800/1280] 完成. Peak: 0.709GB
   [900/1280] 完成. Peak: 0.709GB
   [1000/1280] 完成. Peak: 0.709GB
   [1100/1280] 完成. Peak: 0.709GB
   [1200/1280] 完成. Peak: 0.709GB
   [1280/1280] 完成. Peak: 0.709GB
💾 寫入 /home/luluboy/projects/vrdl_final/submissions/SubmitSrgb_restormer_tta8.csv ...
✅ 完成！CSV (335.6 MB), 1280 rows
   Peak GPU: 0.709 GB
