[DEVICE] Using: cuda
============================================================
Restormer + 8-way TTA Inference
============================================================
Loading Restormer weights from: /home/luluboy/projects/vrdl_final/checkpoints/restormer_ft_final.pth
Model loaded successfully (FP32)
Running sanity check (4-way TTA)...
  Sanity check OK. Peak: 6.075GB
Selected TTA strategy: 8-way
Loading data from /home/luluboy/projects/vrdl_final/data/BenchmarkNoisyBlocksSrgb.mat...
  Shape: (40, 32, 256, 256, 3) -> 1280 blocks

Running TTA inference on 1280 blocks...
  [200/1280] done. Peak: 0.475GB
  [400/1280] done. Peak: 0.475GB
  [600/1280] done. Peak: 0.475GB
  [800/1280] done. Peak: 0.475GB
  [1000/1280] done. Peak: 0.475GB
  [1200/1280] done. Peak: 0.475GB
  [1280/1280] done. Peak: 0.475GB

Done! Saved /home/luluboy/projects/vrdl_final/submissions/SubmitSrgb_restormer_ft_tta8.csv (335.6 MB, 1280 rows)
Peak GPU: 0.475 GB
TTA variants used: 8-way
EXIT_CODE:0
